sockboom---->2022-08-19 11:19:08,您似乎已经续命过了...
ssr---->2022-08-19 11:19:09,您似乎已经签到过了...,剩余流量:574.57GB,今日已用:0B,历史使用:33.17GB
sockboom---->2022-08-19 19:22:01,您似乎已经续命过了...
ssr---->2022-08-19 19:22:03,您似乎已经签到过了...,剩余流量:574.57GB,今日已用:0B,历史使用:33.17GB
xiaohouzi---->2022-08-19 19:22:06,您似乎已经签到过了...,剩余会员时长: 11,剩余流量:9.83TB,设备在线:1
sockboom---->2022-08-19 19:23:10,您似乎已经续命过了...
ssr---->2022-08-19 19:23:12,您似乎已经签到过了...,剩余流量:574.57GB,今日已用:0B,历史使用:33.17GB
xiaohouzi---->2022-08-19 19:23:14,您似乎已经签到过了...,剩余会员时长: 11,剩余流量:9.83TB,设备在线:1
sockboom---->2022-08-19 21:04:22,您似乎已经续命过了...
ssr---->2022-08-19 21:04:25,您似乎已经签到过了...,剩余流量:574.57GB,今日已用:0B,历史使用:33.17GB
xiaohouzi---->2022-08-19 21:04:27,您似乎已经签到过了...,剩余会员时长: 11,剩余流量:9.83TB,设备在线:1
sockboom---->2022-08-19 22:02:40,您似乎已经续命过了...,使用流量:1.25TB,剩余流量:2.31GB,可用天数:251天
ssr---->2022-08-19 22:02:42,您似乎已经签到过了...,剩余流量:574.57GB,今日已用:0B,历史使用:33.17GB
xiaohouzi---->2022-08-19 22:02:44,您似乎已经签到过了...,剩余会员时长: 11,剩余流量:9.83TB,设备在线:1
sockboom---->2022-08-19 22:11:55,您似乎已经续命过了...,使用流量:1.25TB,剩余流量:2.31GB,可用天数:251天
ssr---->2022-08-19 22:11:57,您似乎已经签到过了...,剩余流量:574.57GB,今日已用:0B,历史使用:33.17GB
xiaohouzi---->2022-08-19 22:11:59,您似乎已经签到过了...,剩余会员时长: 11,剩余流量:9.83TB,设备在线:1
sockboom---->2022-08-19 22:45:51,您似乎已经续命过了...,使用流量:1.25TB,剩余流量:2.31GB,可用天数:251天
ssr---->2022-08-19 22:45:52,您似乎已经签到过了...,剩余流量:574.57GB,今日已用:0B,历史使用:33.17GB
xiaohouzi---->2022-08-19 22:45:55,您似乎已经签到过了...,剩余会员时长: 11,剩余流量:9.83TB,设备在线:1
sockboom---->2022-08-19 23:06:18,您似乎已经续命过了...,使用流量:1.25TB,剩余流量:2.31GB,可用天数:251天
ssr---->2022-08-19 23:06:20,您似乎已经签到过了...,剩余流量:574.57GB,今日已用:0B,历史使用:33.17GB
xiaohouzi---->2022-08-19 23:06:23,您似乎已经签到过了...,剩余会员时长: 11,剩余流量:9.83TB,设备在线:1
sockboom---->2022-08-19 23:14:50,您似乎已经续命过了...,使用流量:1.25TB,剩余流量:2.31GB,可用天数:251天
ssr---->2022-08-19 23:14:52,您似乎已经签到过了...,剩余流量:574.57GB,今日已用:0B,历史使用:33.17GB
xiaohouzi---->2022-08-19 23:14:55,您似乎已经签到过了...,剩余会员时长: 11,剩余流量:9.83TB,设备在线:1
sockboom---->2022-08-20 07:33:14,获得了 217 MB流量.,使用流量:1.25TB,剩余流量:2.31GB,可用天数:250天
ssr---->2022-08-20 07:33:15,尊贵的会员，您获得了 466MB 流量.,剩余流量:574.57GB,今日已用:0B,历史使用:33.17GB
xiaohouzi---->2022-08-20 07:33:18,尊贵的VIP3，您获得了 49381MB 流量.,剩余会员时长: 11,剩余流量:9.83TB,设备在线:1
